This is pdfTeX, Version 3.1415926-1.40.10 (TeX Live 2009/Debian) (format=pdflatex 2011.7.21)  21 JUL 2011 17:13
entering extended mode
 %&-line parsing enabled.
**cacmgenomics.tex
(./cacmgenomics.tex
LaTeX2e <2009/09/24>
Babel <v3.8l> and hyphenation patterns for english, usenglishmax, dumylang, noh
yphenation, loaded.
(/usr/share/texmf-texlive/tex/latex/base/article.cls
Document Class: article 2007/10/19 v1.4h Standard LaTeX document class
(/usr/share/texmf-texlive/tex/latex/base/size10.clo
File: size10.clo 2007/10/19 v1.4h Standard LaTeX file (size option)
)
\c@part=\count79
\c@section=\count80
\c@subsection=\count81
\c@subsubsection=\count82
\c@paragraph=\count83
\c@subparagraph=\count84
\c@figure=\count85
\c@table=\count86
\abovecaptionskip=\skip41
\belowcaptionskip=\skip42
\bibindent=\dimen102
)
(/usr/share/texmf-texlive/tex/latex/graphics/epsfig.sty
Package: epsfig 1999/02/16 v1.7a (e)psfig emulation (SPQR)

(/usr/share/texmf-texlive/tex/latex/graphics/graphicx.sty
Package: graphicx 1999/02/16 v1.0f Enhanced LaTeX Graphics (DPC,SPQR)

(/usr/share/texmf-texlive/tex/latex/graphics/keyval.sty
Package: keyval 1999/03/16 v1.13 key=value parser (DPC)
\KV@toks@=\toks14
)
(/usr/share/texmf-texlive/tex/latex/graphics/graphics.sty
Package: graphics 2009/02/05 v1.0o Standard LaTeX Graphics (DPC,SPQR)

(/usr/share/texmf-texlive/tex/latex/graphics/trig.sty
Package: trig 1999/03/16 v1.09 sin cos tan (DPC)
)
(/etc/texmf/tex/latex/config/graphics.cfg
File: graphics.cfg 2009/08/28 v1.8 graphics configuration of TeX Live
)
Package graphics Info: Driver file: pdftex.def on input line 91.

(/usr/share/texmf-texlive/tex/latex/pdftex-def/pdftex.def
File: pdftex.def 2010/03/12 v0.04p Graphics/color for pdfTeX
\Gread@gobject=\count87
))
\Gin@req@height=\dimen103
\Gin@req@width=\dimen104
)
\epsfxsize=\dimen105
\epsfysize=\dimen106
)
(/usr/share/texmf-texlive/tex/latex/tools/longtable.sty
Package: longtable 2004/02/01 v4.11 Multi-page Table package (DPC)
\LTleft=\skip43
\LTright=\skip44
\LTpre=\skip45
\LTpost=\skip46
\LTchunksize=\count88
\LTcapwidth=\dimen107
\LT@head=\box26
\LT@firsthead=\box27
\LT@foot=\box28
\LT@lastfoot=\box29
\LT@cols=\count89
\LT@rows=\count90
\c@LT@tables=\count91
\c@LT@chunks=\count92
\LT@p@ftn=\toks15
)
(/usr/share/texmf-texlive/tex/latex/psnfss/times.sty
Package: times 2005/04/12 PSNFSS-v9.2a (SPQR) 
)
(/usr/share/texmf-texlive/tex/latex/base/latexsym.sty
Package: latexsym 1998/08/17 v2.2e Standard LaTeX package (lasy symbols)
\symlasy=\mathgroup4
LaTeX Font Info:    Overwriting symbol font `lasy' in version `bold'
(Font)                  U/lasy/m/n --> U/lasy/b/n on input line 47.
)
(/usr/share/texmf-texlive/tex/latex/fancybox/fancybox.sty
Package: fancybox 2000/09/19 1.3

Style option: `fancybox' v1.3 <2000/09/19> (tvz)
\@fancybox=\box30
\shadowsize=\dimen108
\@Sbox=\box31
\do@VerbBox=\toks16
\the@fancyput=\toks17
\this@fancyput=\toks18
\EndVerbatimTokens=\toks19
\Verbatim@Outfile=\write3
\Verbatim@Infile=\read1
) (/usr/share/texmf-texlive/tex/latex/subfigure/subfigure.sty
Package: subfigure 2002/03/15 v2.1.5 subfigure package
\subfigtopskip=\skip47
\subfigcapskip=\skip48
\subfigcaptopadj=\dimen109
\subfigbottomskip=\skip49
\subfigcapmargin=\dimen110
\subfiglabelskip=\skip50
\c@subfigure=\count93
\c@lofdepth=\count94
\c@subtable=\count95
\c@lotdepth=\count96

****************************************
* Local config file subfigure.cfg used *
****************************************
(/usr/share/texmf-texlive/tex/latex/subfigure/subfigure.cfg)
\subfig@top=\skip51
\subfig@bottom=\skip52
)
(/usr/share/texmf-texlive/tex/latex/ltxmisc/ulem.sty
\UL@box=\box32
\UL@hyphenbox=\box33
\UL@skip=\skip53
\UL@hook=\toks20
\UL@pe=\count97
\UL@pixel=\dimen111
\ULC@box=\box34
Package: ulem 2000/05/26
\ULdepth=\dimen112
)
(/usr/share/texmf-texlive/tex/latex/amsmath/amsmath.sty
Package: amsmath 2000/07/18 v2.13 AMS math features
\@mathmargin=\skip54

For additional information on amsmath, use the `?' option.
(/usr/share/texmf-texlive/tex/latex/amsmath/amstext.sty
Package: amstext 2000/06/29 v2.01

(/usr/share/texmf-texlive/tex/latex/amsmath/amsgen.sty
File: amsgen.sty 1999/11/30 v2.0
\@emptytoks=\toks21
\ex@=\dimen113
))
(/usr/share/texmf-texlive/tex/latex/amsmath/amsbsy.sty
Package: amsbsy 1999/11/29 v1.2d
\pmbraise@=\dimen114
)
(/usr/share/texmf-texlive/tex/latex/amsmath/amsopn.sty
Package: amsopn 1999/12/14 v2.01 operator names
)
\inf@bad=\count98
LaTeX Info: Redefining \frac on input line 211.
\uproot@=\count99
\leftroot@=\count100
LaTeX Info: Redefining \overline on input line 307.
\classnum@=\count101
\DOTSCASE@=\count102
LaTeX Info: Redefining \ldots on input line 379.
LaTeX Info: Redefining \dots on input line 382.
LaTeX Info: Redefining \cdots on input line 467.
\Mathstrutbox@=\box35
\strutbox@=\box36
\big@size=\dimen115
LaTeX Font Info:    Redeclaring font encoding OML on input line 567.
LaTeX Font Info:    Redeclaring font encoding OMS on input line 568.
\macc@depth=\count103
\c@MaxMatrixCols=\count104
\dotsspace@=\muskip10
\c@parentequation=\count105
\dspbrk@lvl=\count106
\tag@help=\toks22
\row@=\count107
\column@=\count108
\maxfields@=\count109
\andhelp@=\toks23
\eqnshift@=\dimen116
\alignsep@=\dimen117
\tagshift@=\dimen118
\tagwidth@=\dimen119
\totwidth@=\dimen120
\lineht@=\dimen121
\@envbody=\toks24
\multlinegap=\skip55
\multlinetaggap=\skip56
\mathdisplay@stack=\toks25
LaTeX Info: Redefining \[ on input line 2666.
LaTeX Info: Redefining \] on input line 2667.
)
(/usr/share/texmf-texlive/tex/latex/jknapltx/mathrsfs.sty
Package: mathrsfs 1996/01/01 Math RSFS package v1.0 (jk)
\symrsfs=\mathgroup5
)
(/usr/share/texmf-texlive/tex/latex/tools/verbatim.sty
Package: verbatim 2003/08/22 v1.5q LaTeX2e package for verbatim enhancements
\every@verbatim=\toks26
\verbatim@line=\toks27
\verbatim@in@stream=\read2
)
(/usr/share/texmf-texlive/tex/latex/appendix/appendix.sty
Package: appendix 2009/09/02 v1.2b extra appendix facilities
\c@@pps=\count110
\c@@ppsavesec=\count111
\c@@ppsaveapp=\count112
)
(/usr/share/texmf-texlive/tex/latex/natbib/natbib.sty
Package: natbib 2009/07/16 8.31 (PWD, AO)
\bibhang=\skip57
\bibsep=\skip58
LaTeX Info: Redefining \cite on input line 694.
\c@NAT@ctr=\count113
) (./bnf.sty
Style-Option: `bnf' v1.1a <92/01/30> (Hugh Osborne/br)
)
\c@THEOREM=\count114
\c@DEFINITION=\count115


LaTeX Warning: Unused global option(s):
    [fullpage].

No file cacmgenomics.aux.
\openout1 = `cacmgenomics.aux'.

LaTeX Font Info:    Checking defaults for OML/cmm/m/it on input line 140.
LaTeX Font Info:    ... okay on input line 140.
LaTeX Font Info:    Checking defaults for T1/cmr/m/n on input line 140.
LaTeX Font Info:    ... okay on input line 140.
LaTeX Font Info:    Checking defaults for OT1/cmr/m/n on input line 140.
LaTeX Font Info:    ... okay on input line 140.
LaTeX Font Info:    Checking defaults for OMS/cmsy/m/n on input line 140.
LaTeX Font Info:    ... okay on input line 140.
LaTeX Font Info:    Checking defaults for OMX/cmex/m/n on input line 140.
LaTeX Font Info:    ... okay on input line 140.
LaTeX Font Info:    Checking defaults for U/cmr/m/n on input line 140.
LaTeX Font Info:    ... okay on input line 140.
LaTeX Font Info:    Try loading font information for OT1+ptm on input line 140.

(/usr/share/texmf-texlive/tex/latex/psnfss/ot1ptm.fd
File: ot1ptm.fd 2001/06/04 font definitions for OT1/ptm.
)
(/usr/share/texmf-texlive/tex/context/base/supp-pdf.mkii
[Loading MPS to PDF converter (version 2006.09.02).]
\scratchcounter=\count116
\scratchdimen=\dimen122
\scratchbox=\box37
\nofMPsegments=\count117
\nofMParguments=\count118
\everyMPshowfont=\toks28
\MPscratchCnt=\count119
\MPscratchDim=\dimen123
\MPnumerator=\count120
\everyMPtoPDFconversion=\toks29
)
LaTeX Font Info:    Try loading font information for U+lasy on input line 141.
 (/usr/share/texmf-texlive/tex/latex/base/ulasy.fd
File: ulasy.fd 1998/08/17 v2.2e LaTeX symbol font definitions
)
LaTeX Font Info:    Try loading font information for U+rsfs on input line 141.

(/usr/share/texmf-texlive/tex/latex/jknapltx/ursfs.fd
File: ursfs.fd 1998/03/24 rsfs font definition file (jk)
)
LaTeX Font Info:    Font shape `OT1/ptm/bx/n' in size <14.4> not available
(Font)              Font shape `OT1/ptm/b/n' tried instead on input line 144.
LaTeX Font Info:    Font shape `OT1/ptm/bx/n' in size <10> not available
(Font)              Font shape `OT1/ptm/b/n' tried instead on input line 158.


LaTeX Warning: Reference `fig:fig1' on page 1 undefined on input line 170.

<fig/personalizedmedicine.pdf, id=1, 794.97pt x 614.295pt>
File: fig/personalizedmedicine.pdf Graphic file (type pdf)

<use fig/personalizedmedicine.pdf>

LaTeX Warning: Reference `fig:PMD' on page 1 undefined on input line 191.

[1

{/var/lib/texmf/fonts/map/pdftex/updmap/pdftex.map} <./fig/personalizedmedicine
.pdf>] <fig/PMD.pdf, id=34, 794.97pt x 614.295pt>
File: fig/PMD.pdf Graphic file (type pdf)
 <use fig/PMD.pdf>

LaTeX Warning: Reference `sec:vision' on page 2 undefined on input line 230.


LaTeX Warning: Reference `sc:genetics' on page 2 undefined on input line 232.


LaTeX Warning: Reference `' on page 2 undefined on input line 234.


LaTeX Warning: Reference `' on page 2 undefined on input line 237.

[2 <./fig/PMD.pdf>]

LaTeX Warning: Reference `fig:abstraction' on page 3 undefined on input line 25
1.

<fig/hourglass.pdf, id=59, 794.97pt x 614.295pt>
File: fig/hourglass.pdf Graphic file (type pdf)
 <use fig/hourglass.pdf>
<fig/genomicabstraction.pdf, id=61, 794.97pt x 614.295pt>
File: fig/genomicabstraction.pdf Graphic file (type pdf)

<use fig/genomicabstraction.pdf>
LaTeX Font Info:    Font shape `OT1/ptm/bx/n' in size <12> not available
(Font)              Font shape `OT1/ptm/b/n' tried instead on input line 300.
 [3 <./fig/hourglass.pdf> <./fig/genomicabstraction.pdf>]

LaTeX Warning: Reference `Example1SNPs' on page 4 undefined on input line 308.


LaTeX Warning: Reference `Example2:Deletions' on page 4 undefined on input line
 347.


LaTeX Warning: Reference `Example2:Deletions' on page 4 undefined on input line
 368.

LaTeX Font Info:    Try loading font information for OMS+ptm on input line 405.

(/usr/share/texmf-texlive/tex/latex/psnfss/omsptm.fd
File: omsptm.fd 
)
LaTeX Font Info:    Font shape `OMS/ptm/m/n' in size <10> not available
(Font)              Font shape `OMS/cmsy/m/n' tried instead on input line 405.
 [4] [5] [6] [7] [8]

LaTeX Warning: Reference `sec:indx' on page 9 undefined on input line 831.


LaTeX Warning: Reference `sec:range' on page 9 undefined on input line 832.


LaTeX Warning: Reference `sec:coverage' on page 9 undefined on input line 833.


LaTeX Warning: Reference `sec:discordant' on page 9 undefined on input line 834
.


LaTeX Warning: Reference `sec:haplograph' on page 9 undefined on input line 835
.


LaTeX Warning: Reference `fig:indx-descr' on page 9 undefined on input line 840
.

<fig/indx_descr.pdf, id=252, 614.295pt x 794.97pt>
File: fig/indx_descr.pdf Graphic file (type pdf)
 <use fig/indx_descr.pdf>
[9]

LaTeX Warning: Reference `fig:coverage-example' on page 10 undefined on input l
ine 913.

<fig/coverage_example.pdf, id=258, 614.295pt x 794.97pt>
File: fig/coverage_example.pdf Graphic file (type pdf)

<use fig/coverage_example.pdf> [10 <./fig/indx_descr.pdf> <./fig/coverage_examp
le.pdf>]

LaTeX Warning: Reference `fig:disc-example-a' on page 11 undefined on input lin
e 956.


LaTeX Warning: Reference `fig:disc-example-b' on page 11 undefined on input lin
e 956.

<fig/disc_example_a.pdf, id=278, 614.295pt x 794.97pt>
File: fig/disc_example_a.pdf Graphic file (type pdf)

<use fig/disc_example_a.pdf>
<fig/disc_example_b.pdf, id=281, 614.295pt x 794.97pt>
File: fig/disc_example_b.pdf Graphic file (type pdf)

<use fig/disc_example_b.pdf> [11 <./fig/disc_example_a.pdf> <./fig/disc_example
_b.pdf>] [12]
LaTeX Font Info:    Font shape `OT1/ptm/bx/n' in size <20.74> not available
(Font)              Font shape `OT1/ptm/b/n' tried instead on input line 1025.

! Undefined control sequence.
l.1061     \ali\ali\gqlAnd\ \gqlAbs
                                   (R.end-R.beg)$>d$\\
The control sequence at the end of the top line
of your error message was never \def'ed. If you have
misspelled it (e.g., `\hobx'), type `I' and the correct
spelling (e.g., `I\hbox'). Otherwise just continue,
and I'll forget about whatever was undefined.


Overfull \hbox (4.30061pt too wide) in paragraph at lines 1056--1064
[]$ $[]$ \OT1/ptm/m/sc/10 where in-ter-sect\OT1/ptm/m/n/10 ([R.chr,R.beg,R.end]
,[chr,loc,loc]) 
 []


Overfull \hbox (10.50322pt too wide) in paragraph at lines 1073--1078
\OT1/ptm/m/sc/10 where \OT1/ptm/m/n/10 (\OT1/ptm/m/sc/10 in-ter-sect\OT1/ptm/m/
n/10 ([R.chr,R.beg,R.end],[I1.chr,I1.beg,I1.end]) 
 []


Underfull \hbox (badness 10000) in paragraph at lines 1073--1078

 []


Overfull \vbox (223.23102pt too high) has occurred while \output is active []


[13] [14] [15]

LaTeX Warning: Reference `fig:chromosomes' on page 16 undefined on input line 1
282.

<fig/chromosomes.pdf, id=315, 794.97pt x 614.295pt>
File: fig/chromosomes.pdf Graphic file (type pdf)
 <use fig/chromosomes.pdf>
Missing character: There is no ï in font ptmr7t!
Missing character: There is no ¿ in font ptmr7t!
Missing character: There is no ½ in font ptmr7t!


LaTeX Warning: Reference `fig:recombination' on page 16 undefined on input line
 1334.

[16 <./fig/chromosomes.pdf>]
<fig/recombination.pdf, id=341, 794.97pt x 614.295pt>
File: fig/recombination.pdf Graphic file (type pdf)

<use fig/recombination.pdf>

LaTeX Warning: Reference `fig:differentiation' on page 17 undefined on input li
ne 1379.

<fig/differentiation.pdf, id=343, 794.97pt x 614.295pt>
File: fig/differentiation.pdf Graphic file (type pdf)

<use fig/differentiation.pdf>

LaTeX Warning: `!h' float specifier changed to `!ht'.


LaTeX Warning: Reference `fig:centraldogma' on page 17 undefined on input line 
1413.

<fig/centraldogma.pdf, id=345, 794.97pt x 614.295pt>
File: fig/centraldogma.pdf Graphic file (type pdf)

<use fig/centraldogma.pdf>

LaTeX Warning: `!h' float specifier changed to `!ht'.

[17 <./fig/recombination.pdf>] [18 <./fig/differentiation.pdf> <./fig/centraldo
gma.pdf>]

LaTeX Warning: Reference `sec:genes' on page 19 undefined on input line 1448.


LaTeX Warning: Reference `fig:branching' on page 19 undefined on input line 145
6.

<fig/branching.pdf, id=429, 794.97pt x 614.295pt>
File: fig/branching.pdf Graphic file (type pdf)
 <use fig/branching.pdf>

LaTeX Warning: Reference `fig:pathway' on page 19 undefined on input line 1488.



LaTeX Warning: Reference `fig:pathway' on page 19 undefined on input line 1495.


<fig/pathway.pdf, id=431, 794.97pt x 614.295pt>
File: fig/pathway.pdf Graphic file (type pdf)
 <use fig/pathway.pdf>

LaTeX Warning: `!h' float specifier changed to `!ht'.

[19 <./fig/branching.pdf>]

LaTeX Warning: Reference `fig:NGS' on page 20 undefined on input line 1554.

<fig/ngs.pdf, id=463, 794.97pt x 614.295pt>
File: fig/ngs.pdf Graphic file (type pdf)
 <use fig/ngs.pdf>

LaTeX Warning: `!h' float specifier changed to `!ht'.

[20 <./fig/pathway.pdf>] [21 <./fig/ngs.pdf>]
Underfull \hbox (badness 10000) in paragraph at lines 1627--1661

 []

[22] (./cacmgenomics.aux)

LaTeX Warning: There were undefined references.


LaTeX Warning: Label(s) may have changed. Rerun to get cross-references right.

 ) 
Here is how much of TeX's memory you used:
 2873 strings out of 495061
 35934 string characters out of 1182621
 101977 words of memory out of 3000000
 5992 multiletter control sequences out of 15000+50000
 30286 words of font info for 68 fonts, out of 3000000 for 9000
 28 hyphenation exceptions out of 8191
 32i,13n,24p,664b,293s stack positions out of 5000i,500n,10000p,200000b,50000s
{/usr/share/texmf-texlive/fonts/enc/dvips/base/8r.enc}</usr/share/texmf-texli
ve/fonts/type1/public/amsfonts/cm/cmmi10.pfb></usr/share/texmf-texlive/fonts/ty
pe1/public/amsfonts/cm/cmmi7.pfb></usr/share/texmf-texlive/fonts/type1/public/a
msfonts/cm/cmr10.pfb></usr/share/texmf-texlive/fonts/type1/public/amsfonts/cm/c
mr5.pfb></usr/share/texmf-texlive/fonts/type1/public/amsfonts/cm/cmr7.pfb></usr
/share/texmf-texlive/fonts/type1/public/amsfonts/cm/cmr8.pfb></usr/share/texmf-
texlive/fonts/type1/public/amsfonts/cm/cmsy10.pfb></usr/share/texmf-texlive/fon
ts/type1/public/amsfonts/cm/cmsy6.pfb></usr/share/texmf-texlive/fonts/type1/pub
lic/amsfonts/cm/cmsy7.pfb></usr/share/texmf-texlive/fonts/type1/public/amsfonts
/cm/cmsy8.pfb></usr/share/texmf-texlive/fonts/type1/urw/times/utmb8a.pfb></usr/
share/texmf-texlive/fonts/type1/urw/times/utmr8a.pfb></usr/share/texmf-texlive/
fonts/type1/urw/times/utmri8a.pfb>
Output written on cacmgenomics.pdf (22 pages, 877666 bytes).
PDF statistics:
 558 PDF objects out of 1000 (max. 8388607)
 0 named destinations out of 1000 (max. 500000)
 166 words of extra memory for PDF output out of 10000 (max. 10000000)

