This is pdfTeX, Version 3.1415926-1.40.10 (TeX Live 2009/Debian) (format=pdflatex 2011.7.21)  21 JUL 2011 17:15
entering extended mode
 %&-line parsing enabled.
**genomequery_long.tex
(./genomequery_long.tex
LaTeX2e <2009/09/24>
Babel <v3.8l> and hyphenation patterns for english, usenglishmax, dumylang, noh
yphenation, loaded.
(/usr/share/texmf-texlive/tex/latex/base/article.cls
Document Class: article 2007/10/19 v1.4h Standard LaTeX document class
(/usr/share/texmf-texlive/tex/latex/base/size11.clo
File: size11.clo 2007/10/19 v1.4h Standard LaTeX file (size option)
)
\c@part=\count79
\c@section=\count80
\c@subsection=\count81
\c@subsubsection=\count82
\c@paragraph=\count83
\c@subparagraph=\count84
\c@figure=\count85
\c@table=\count86
\abovecaptionskip=\skip41
\belowcaptionskip=\skip42
\bibindent=\dimen102
)
(/usr/share/texmf-texlive/tex/latex/psnfss/helvet.sty
Package: helvet 2005/04/12 PSNFSS-v9.2a (WaS) 

(/usr/share/texmf-texlive/tex/latex/graphics/keyval.sty
Package: keyval 1999/03/16 v1.13 key=value parser (DPC)
\KV@toks@=\toks14
))
(/usr/share/texmf-texlive/tex/latex/graphics/epsfig.sty
Package: epsfig 1999/02/16 v1.7a (e)psfig emulation (SPQR)

(/usr/share/texmf-texlive/tex/latex/graphics/graphicx.sty
Package: graphicx 1999/02/16 v1.0f Enhanced LaTeX Graphics (DPC,SPQR)

(/usr/share/texmf-texlive/tex/latex/graphics/graphics.sty
Package: graphics 2009/02/05 v1.0o Standard LaTeX Graphics (DPC,SPQR)

(/usr/share/texmf-texlive/tex/latex/graphics/trig.sty
Package: trig 1999/03/16 v1.09 sin cos tan (DPC)
)
(/etc/texmf/tex/latex/config/graphics.cfg
File: graphics.cfg 2009/08/28 v1.8 graphics configuration of TeX Live
)
Package graphics Info: Driver file: pdftex.def on input line 91.

(/usr/share/texmf-texlive/tex/latex/pdftex-def/pdftex.def
File: pdftex.def 2010/03/12 v0.04p Graphics/color for pdfTeX
\Gread@gobject=\count87
))
\Gin@req@height=\dimen103
\Gin@req@width=\dimen104
)
\epsfxsize=\dimen105
\epsfysize=\dimen106
)
(/usr/share/texmf-texlive/tex/latex/titlesec/titlesec.sty
Package: titlesec 2007/08/12 v2.8 Sectioning titles
\ttl@box=\box26
\beforetitleunit=\skip43
\aftertitleunit=\skip44
\ttl@plus=\dimen107
\ttl@minus=\dimen108
\ttl@toksa=\toks15
\titlewidth=\dimen109
\titlewidthlast=\dimen110
\titlewidthfirst=\dimen111
)
(/usr/share/texmf-texlive/tex/latex/amsmath/amsmath.sty
Package: amsmath 2000/07/18 v2.13 AMS math features
\@mathmargin=\skip45

For additional information on amsmath, use the `?' option.
(/usr/share/texmf-texlive/tex/latex/amsmath/amstext.sty
Package: amstext 2000/06/29 v2.01

(/usr/share/texmf-texlive/tex/latex/amsmath/amsgen.sty
File: amsgen.sty 1999/11/30 v2.0
\@emptytoks=\toks16
\ex@=\dimen112
))
(/usr/share/texmf-texlive/tex/latex/amsmath/amsbsy.sty
Package: amsbsy 1999/11/29 v1.2d
\pmbraise@=\dimen113
)
(/usr/share/texmf-texlive/tex/latex/amsmath/amsopn.sty
Package: amsopn 1999/12/14 v2.01 operator names
)
\inf@bad=\count88
LaTeX Info: Redefining \frac on input line 211.
\uproot@=\count89
\leftroot@=\count90
LaTeX Info: Redefining \overline on input line 307.
\classnum@=\count91
\DOTSCASE@=\count92
LaTeX Info: Redefining \ldots on input line 379.
LaTeX Info: Redefining \dots on input line 382.
LaTeX Info: Redefining \cdots on input line 467.
\Mathstrutbox@=\box27
\strutbox@=\box28
\big@size=\dimen114
LaTeX Font Info:    Redeclaring font encoding OML on input line 567.
LaTeX Font Info:    Redeclaring font encoding OMS on input line 568.
\macc@depth=\count93
\c@MaxMatrixCols=\count94
\dotsspace@=\muskip10
\c@parentequation=\count95
\dspbrk@lvl=\count96
\tag@help=\toks17
\row@=\count97
\column@=\count98
\maxfields@=\count99
\andhelp@=\toks18
\eqnshift@=\dimen115
\alignsep@=\dimen116
\tagshift@=\dimen117
\tagwidth@=\dimen118
\totwidth@=\dimen119
\lineht@=\dimen120
\@envbody=\toks19
\multlinegap=\skip46
\multlinetaggap=\skip47
\mathdisplay@stack=\toks20
LaTeX Info: Redefining \[ on input line 2666.
LaTeX Info: Redefining \] on input line 2667.
)
(/usr/share/texmf-texlive/tex/latex/graphics/color.sty
Package: color 2005/11/14 v1.0j Standard LaTeX Color (DPC)

(/etc/texmf/tex/latex/config/color.cfg
File: color.cfg 2007/01/18 v1.5 color configuration of teTeX/TeXLive
)
Package color Info: Driver file: pdftex.def on input line 130.
)
(/usr/share/texmf-texlive/tex/latex/fancybox/fancybox.sty
Package: fancybox 2000/09/19 1.3

Style option: `fancybox' v1.3 <2000/09/19> (tvz)
\@fancybox=\box29
\shadowsize=\dimen121
\@Sbox=\box30
\do@VerbBox=\toks21
\the@fancyput=\toks22
\this@fancyput=\toks23
\EndVerbatimTokens=\toks24
\Verbatim@Outfile=\write3
\Verbatim@Infile=\read1
) (/usr/share/texmf-texlive/tex/latex/tools/longtable.sty
Package: longtable 2004/02/01 v4.11 Multi-page Table package (DPC)
\LTleft=\skip48
\LTright=\skip49
\LTpre=\skip50
\LTpost=\skip51
\LTchunksize=\count100
\LTcapwidth=\dimen122
\LT@head=\box31
\LT@firsthead=\box32
\LT@foot=\box33
\LT@lastfoot=\box34
\LT@cols=\count101
\LT@rows=\count102
\c@LT@tables=\count103
\c@LT@chunks=\count104
\LT@p@ftn=\toks25
)
(/usr/share/texmf-texlive/tex/latex/ltxmisc/ulem.sty
\UL@box=\box35
\UL@hyphenbox=\box36
\UL@skip=\skip52
\UL@hook=\toks26
\UL@pe=\count105
\UL@pixel=\dimen123
\ULC@box=\box37
Package: ulem 2000/05/26
\ULdepth=\dimen124
)
(/usr/share/texmf-texlive/tex/latex/float/float.sty
Package: float 2001/11/08 v1.3d Float enhancements (AL)
\c@float@type=\count106
\float@exts=\toks27
\float@box=\box38
\@float@everytoks=\toks28
\@floatcapt=\box39
)
\@float@every@supplementalfigure=\toks29
\c@supplementalfigure=\count107
\@float@every@supplementaltable=\toks30
\c@supplementaltable=\count108
\c@problem=\count109

(/usr/share/texmf-texlive/tex/latex/base/latexsym.sty
Package: latexsym 1998/08/17 v2.2e Standard LaTeX package (lasy symbols)
\symlasy=\mathgroup4
LaTeX Font Info:    Overwriting symbol font `lasy' in version `bold'
(Font)                  U/lasy/m/n --> U/lasy/b/n on input line 47.
)
\c@THEOREM=\count110
\c@DEFINITION=\count111

No file genomequery_long.aux.
\openout1 = `genomequery_long.aux'.

LaTeX Font Info:    Checking defaults for OML/cmm/m/it on input line 168.
LaTeX Font Info:    ... okay on input line 168.
LaTeX Font Info:    Checking defaults for T1/cmr/m/n on input line 168.
LaTeX Font Info:    ... okay on input line 168.
LaTeX Font Info:    Checking defaults for OT1/cmr/m/n on input line 168.
LaTeX Font Info:    ... okay on input line 168.
LaTeX Font Info:    Checking defaults for OMS/cmsy/m/n on input line 168.
LaTeX Font Info:    ... okay on input line 168.
LaTeX Font Info:    Checking defaults for OMX/cmex/m/n on input line 168.
LaTeX Font Info:    ... okay on input line 168.
LaTeX Font Info:    Checking defaults for U/cmr/m/n on input line 168.
LaTeX Font Info:    ... okay on input line 168.
(/usr/share/texmf-texlive/tex/context/base/supp-pdf.mkii
[Loading MPS to PDF converter (version 2006.09.02).]
\scratchcounter=\count112
\scratchdimen=\dimen125
\scratchbox=\box40
\nofMPsegments=\count113
\nofMParguments=\count114
\everyMPshowfont=\toks31
\MPscratchCnt=\count115
\MPscratchDim=\dimen126
\MPnumerator=\count116
\everyMPtoPDFconversion=\toks32
)
LaTeX Font Info:    Try loading font information for U+lasy on input line 171.
 (/usr/share/texmf-texlive/tex/latex/base/ulasy.fd
File: ulasy.fd 1998/08/17 v2.2e LaTeX symbol font definitions
)
LaTeX Font Info:    Try loading font information for OMS+cmr on input line 179.


(/usr/share/texmf-texlive/tex/latex/base/omscmr.fd
File: omscmr.fd 1999/05/25 v2.5h Standard LaTeX font definitions
)
LaTeX Font Info:    Font shape `OMS/cmr/m/n' in size <10.95> not available
(Font)              Font shape `OMS/cmsy/m/n' tried instead on input line 179.


LaTeX Warning: Reference `fig:layer' on page 1 undefined on input line 198.

<fig/TCPlayer.pdf, id=1, 794.97pt x 614.295pt>
File: fig/TCPlayer.pdf Graphic file (type pdf)
 <use fig/TCPlayer.pdf>
<fig/genomiclayer.pdf, id=2, 794.97pt x 614.295pt>
File: fig/genomiclayer.pdf Graphic file (type pdf)
 <use fig/genomiclayer.pdf>

LaTeX Warning: `h' float specifier changed to `ht'.


LaTeX Warning: Reference `fig:layer' on page 1 undefined on input line 218.

[1

{/var/lib/texmf/fonts/map/pdftex/updmap/pdftex.map}]

Package amsmath Warning: Foreign command \atopwithdelims;
(amsmath)                \frac or \genfrac should be used instead
(amsmath)                 on input line 239.


LaTeX Warning: Reference `fig:layer' on page 2 undefined on input line 243.


LaTeX Warning: Reference `sec:geneticvariation' on page 2 undefined on input li
ne 278.

[2 <./fig/TCPlayer.pdf> <./fig/genomiclayer.pdf>]

LaTeX Warning: Reference `fig:elapi' on page 3 undefined on input line 323.

<fig/ELAPI.pdf, id=155, 794.97pt x 614.295pt>
File: fig/ELAPI.pdf Graphic file (type pdf)
 <use fig/ELAPI.pdf> [3] [4 <./fig/ELAPI.pdf>] [5] (./genomequery_long.aux)

LaTeX Warning: There were undefined references.


LaTeX Warning: Label(s) may have changed. Rerun to get cross-references right.

 ) 
Here is how much of TeX's memory you used:
 2459 strings out of 495061
 30028 string characters out of 1182621
 90195 words of memory out of 3000000
 5613 multiletter control sequences out of 15000+50000
 11751 words of font info for 46 fonts, out of 3000000 for 9000
 28 hyphenation exceptions out of 8191
 32i,13n,29p,244b,292s stack positions out of 5000i,500n,10000p,200000b,50000s
</usr/share/texmf-texlive/fonts/type1/public/amsfonts/cm/cmbx10.pfb></usr/sha
re/texmf-texlive/fonts/type1/public/amsfonts/cm/cmbx12.pfb></usr/share/texmf-te
xlive/fonts/type1/public/amsfonts/cm/cmcsc10.pfb></usr/share/texmf-texlive/font
s/type1/public/amsfonts/cm/cmex10.pfb></usr/share/texmf-texlive/fonts/type1/pub
lic/amsfonts/cm/cmmi10.pfb></usr/share/texmf-texlive/fonts/type1/public/amsfont
s/cm/cmmi8.pfb></usr/share/texmf-texlive/fonts/type1/public/amsfonts/cm/cmr10.p
fb></usr/share/texmf-texlive/fonts/type1/public/amsfonts/cm/cmr12.pfb></usr/sha
re/texmf-texlive/fonts/type1/public/amsfonts/cm/cmr17.pfb></usr/share/texmf-tex
live/fonts/type1/public/amsfonts/cm/cmr8.pfb></usr/share/texmf-texlive/fonts/ty
pe1/public/amsfonts/cm/cmsy10.pfb></usr/share/texmf-texlive/fonts/type1/public/
amsfonts/cm/cmsy6.pfb></usr/share/texmf-texlive/fonts/type1/public/amsfonts/cm/
cmsy8.pfb></usr/share/texmf-texlive/fonts/type1/public/amsfonts/cm/cmti10.pfb>
Output written on genomequery_long.pdf (5 pages, 379332 bytes).
PDF statistics:
 335 PDF objects out of 1000 (max. 8388607)
 0 named destinations out of 1000 (max. 500000)
 22 words of extra memory for PDF output out of 10000 (max. 10000000)

