This is pdfTeXk, Version 3.141592-1.40.3 (Web2C 7.5.6) (format=pdflatex 2007.5.18)  13 JUN 2012 15:15
entering extended mode
\write18 enabled.
 %&-line parsing enabled.
**query.tex
(./query.tex
LaTeX2e <2005/12/01>
Babel <v3.8h> and hyphenation patterns for english, usenglishmax, dumylang, noh
yphenation, arabic, basque, bulgarian, coptic, welsh, czech, slovak, german, ng
erman, danish, esperanto, spanish, catalan, galician, estonian, farsi, finnish,
 french, greek, monogreek, ancientgreek, croatian, hungarian, interlingua, ibyc
us, indonesian, icelandic, italian, latin, mongolian, dutch, norsk, polish, por
tuguese, pinyin, romanian, russian, slovenian, uppersorbian, serbian, swedish, 
turkish, ukenglish, ukrainian, loaded.
(/usr/local/texlive/2007/texmf-dist/tex/latex/base/article.cls
Document Class: article 2005/09/16 v1.4f Standard LaTeX document class
(/usr/local/texlive/2007/texmf-dist/tex/latex/base/size10.clo
File: size10.clo 2005/09/16 v1.4f Standard LaTeX file (size option)
)
\c@part=\count79
\c@section=\count80
\c@subsection=\count81
\c@subsubsection=\count82
\c@paragraph=\count83
\c@subparagraph=\count84
\c@figure=\count85
\c@table=\count86
\abovecaptionskip=\skip41
\belowcaptionskip=\skip42
\bibindent=\dimen102
)
(/usr/local/texlive/2007/texmf-dist/tex/latex/graphics/graphicx.sty
Package: graphicx 1999/02/16 v1.0f Enhanced LaTeX Graphics (DPC,SPQR)

(/usr/local/texlive/2007/texmf-dist/tex/latex/graphics/keyval.sty
Package: keyval 1999/03/16 v1.13 key=value parser (DPC)
\KV@toks@=\toks14
)
(/usr/local/texlive/2007/texmf-dist/tex/latex/graphics/graphics.sty
Package: graphics 2006/02/20 v1.0o Standard LaTeX Graphics (DPC,SPQR)

(/usr/local/texlive/2007/texmf-dist/tex/latex/graphics/trig.sty
Package: trig 1999/03/16 v1.09 sin cos tan (DPC)
)
(/usr/local/texlive/2007/texmf/tex/latex/config/graphics.cfg
File: graphics.cfg 2007/01/18 v1.5 graphics configuration of teTeX/TeXLive
)
Package graphics Info: Driver file: pdftex.def on input line 90.

(/usr/local/texlive/2007/texmf-dist/tex/latex/pdftex-def/pdftex.def
File: pdftex.def 2007/01/08 v0.04d Graphics/color for pdfTeX
\Gread@gobject=\count87
))
\Gin@req@height=\dimen103
\Gin@req@width=\dimen104
)
(/usr/local/texlive/2007/texmf-dist/tex/latex/preprint/balance.sty
Package: balance 1999/02/23 4.3 (PWD)
\oldvsize=\dimen105
)
(/usr/local/texlive/2007/texmf-dist/tex/latex/listings/listings.sty
\lst@mode=\count88
\lst@gtempboxa=\box26
\lst@token=\toks15
\lst@length=\count89
\lst@currlwidth=\dimen106
\lst@column=\count90
\lst@pos=\count91
\lst@lostspace=\dimen107
\lst@width=\dimen108
\lst@newlines=\count92
\lst@lineno=\count93
\c@lstlisting=\count94
\lst@maxwidth=\dimen109

(/usr/local/texlive/2007/texmf-dist/tex/latex/listings/lstpatch.sty
File: lstpatch.sty 2004/10/17 1.3b (Carsten Heinz)
)
(/usr/local/texlive/2007/texmf-dist/tex/latex/listings/lstmisc.sty
File: lstmisc.sty 2004/09/07 1.3 (Carsten Heinz)
\c@lstnumber=\count95
\lst@skipnumbers=\count96
\lst@framebox=\box27
)
(/usr/local/texlive/2007/texmf-dist/tex/latex/listings/listings.cfg
File: listings.cfg 2004/09/05 1.3 listings configuration
))
Package: listings 2004/10/17 1.3b (Carsten Heinz)

(/usr/local/texlive/2007/texmf-dist/tex/latex/algorithms/algorithm.sty
Package: algorithm 

Document Style `algorithm' - floating environment
(/usr/local/texlive/2007/texmf-dist/tex/latex/float/float.sty
Package: float 2001/11/08 v1.3d Float enhancements (AL)
\c@float@type=\count97
\float@exts=\toks16
\float@box=\box28
\@float@everytoks=\toks17
\@floatcapt=\box29
)
(/usr/local/texlive/2007/texmf-dist/tex/latex/base/ifthen.sty
Package: ifthen 2001/05/26 v1.1c Standard LaTeX ifthen package (DPC)
)
\@float@every@algorithm=\toks18
\c@algorithm=\count98
)
(/usr/local/texlive/2007/texmf-dist/tex/latex/base/latexsym.sty
Package: latexsym 1998/08/17 v2.2e Standard LaTeX package (lasy symbols)
\symlasy=\mathgroup4
LaTeX Font Info:    Overwriting symbol font `lasy' in version `bold'
(Font)                  U/lasy/m/n --> U/lasy/b/n on input line 47.
) (./query.aux)
\openout1 = `query.aux'.

LaTeX Font Info:    Checking defaults for OML/cmm/m/it on input line 110.
LaTeX Font Info:    ... okay on input line 110.
LaTeX Font Info:    Checking defaults for T1/cmr/m/n on input line 110.
LaTeX Font Info:    ... okay on input line 110.
LaTeX Font Info:    Checking defaults for OT1/cmr/m/n on input line 110.
LaTeX Font Info:    ... okay on input line 110.
LaTeX Font Info:    Checking defaults for OMS/cmsy/m/n on input line 110.
LaTeX Font Info:    ... okay on input line 110.
LaTeX Font Info:    Checking defaults for OMX/cmex/m/n on input line 110.
LaTeX Font Info:    ... okay on input line 110.
LaTeX Font Info:    Checking defaults for U/cmr/m/n on input line 110.
LaTeX Font Info:    ... okay on input line 110.

(/usr/local/texlive/2007/texmf-dist/tex/context/base/supp-pdf.tex
[Loading MPS to PDF converter (version 2006.09.02).]
\scratchcounter=\count99
\scratchdimen=\dimen110
\scratchbox=\box30
\nofMPsegments=\count100
\nofMParguments=\count101
\MPscratchCnt=\count102
\MPscratchDim=\dimen111
\MPnumerator=\count103
\everyMPtoPDFconversion=\toks19
)
LaTeX Font Info:    External font `cmex10' loaded for size
(Font)              <12> on input line 140.
LaTeX Font Info:    External font `cmex10' loaded for size
(Font)              <8> on input line 140.
LaTeX Font Info:    External font `cmex10' loaded for size
(Font)              <6> on input line 140.
LaTeX Font Info:    Try loading font information for U+lasy on input line 140.
 (/usr/local/texlive/2007/texmf-dist/tex/latex/base/ulasy.fd
File: ulasy.fd 1998/08/17 v2.2e LaTeX symbol font definitions
)
<fig/hourglass.pdf, id=1, 794.97pt x 614.295pt>
File: fig/hourglass.pdf Graphic file (type pdf)
 <use fig/hourglass.pdf>
<fig/genomicabstraction.pdf, id=3, 794.97pt x 614.295pt>
File: fig/genomicabstraction.pdf Graphic file (type pdf)

<use fig/genomicabstraction.pdf> <fig/vision.pdf, id=5, 794.97pt x 614.295pt>
File: fig/vision.pdf Graphic file (type pdf)

<use fig/vision.pdf>

LaTeX Warning: `!h' float specifier changed to `!ht'.

[1

{/usr/local/texlive/2007/texmf-var/fonts/map/pdftex/updmap/pdftex.map}]
LaTeX Font Info:    Try loading font information for OMS+cmr on input line 235.


(/usr/local/texlive/2007/texmf-dist/tex/latex/base/omscmr.fd
File: omscmr.fd 1999/05/25 v2.5h Standard LaTeX font definitions
)
LaTeX Font Info:    Font shape `OMS/cmr/m/n' in size <10> not available
(Font)              Font shape `OMS/cmsy/m/n' tried instead on input line 235.
 [2 <./fig/hourglass.pdf> <./fig/genomicabstraction.pdf> <./fig/vision.pdf>]
LaTeX Font Info:    External font `cmex10' loaded for size
(Font)              <7> on input line 283.
LaTeX Font Info:    External font `cmex10' loaded for size
(Font)              <5> on input line 283.
 [3]

LaTeX Warning: Reference `sec:range' on page 4 undefined on input line 416.


LaTeX Warning: Reference `sec:coverage' on page 4 undefined on input line 417.


LaTeX Warning: Reference `sec:discordant' on page 4 undefined on input line 418
.


LaTeX Warning: Reference `sec:haplograph' on page 4 undefined on input line 419
.

[4] <fig/indx_descr.pdf, id=450, 614.295pt x 794.97pt>
File: fig/indx_descr.pdf Graphic file (type pdf)

<use fig/indx_descr.pdf> [5 <./fig/indx_descr.pdf

pdfTeX warning: /usr/texbin/pdflatex (file ./fig/indx_descr.pdf): PDF inclusion
: Page Group detected which pdfTeX can't handle. Ignoring it.
>] <fig/coverage_example.pdf, id=464, 614.295pt x 794.97pt>
File: fig/coverage_example.pdf Graphic file (type pdf)

<use fig/coverage_example.pdf>
<fig/disc_example_a.pdf, id=466, 614.295pt x 794.97pt>
File: fig/disc_example_a.pdf Graphic file (type pdf)

<use fig/disc_example_a.pdf>
<fig/disc_example_b.pdf, id=468, 614.295pt x 794.97pt>
File: fig/disc_example_b.pdf Graphic file (type pdf)

<use fig/disc_example_b.pdf> [6 <./fig/coverage_example.pdf

pdfTeX warning: /usr/texbin/pdflatex (file ./fig/coverage_example.pdf): PDF inc
lusion: Page Group detected which pdfTeX can't handle. Ignoring it.
> <./fig/disc_example_a.pdf

pdfTeX warning: /usr/texbin/pdflatex (file ./fig/disc_example_a.pdf): PDF inclu
sion: Page Group detected which pdfTeX can't handle. Ignoring it.
>]

LaTeX Warning: Citation `hg18' on page 7 undefined on input line 605.

LaTeX Font Info:    Try loading font information for OML+cmr on input line 630.

(/usr/local/texlive/2007/texmf-dist/tex/latex/base/omlcmr.fd
File: omlcmr.fd 1999/05/25 v2.5h Standard LaTeX font definitions
)
LaTeX Font Info:    Font shape `OML/cmr/m/n' in size <10> not available
(Font)              Font shape `OML/cmm/m/it' tried instead on input line 630.
 [7 <./fig/disc_example_b.pdf

pdfTeX warning: /usr/texbin/pdflatex (file ./fig/disc_example_b.pdf): PDF inclu
sion: Page Group detected which pdfTeX can't handle. Ignoring it.
>] (./query.bbl [8]
! Undefined control sequence.
l.32 \newblock \url
                   {http://vcftools.sourceforge.net/specs.html}.
? 
) [9] [10] (./query.aux)

LaTeX Warning: There were undefined references.

 ) 
Here is how much of TeX's memory you used:
 2480 strings out of 94073
 34396 string characters out of 1162984
 119582 words of memory out of 1500000
 5754 multiletter control sequences out of 10000+50000
 9785 words of font info for 38 fonts, out of 1200000 for 2000
 645 hyphenation exceptions out of 8191
 26i,6n,40p,654b,1254s stack positions out of 5000i,500n,6000p,200000b,5000s
</usr/local/texlive/2007/texmf-dist/fonts/type1/bluesky/cm/cmbx10.pfb></usr/l
ocal/texlive/2007/texmf-dist/fonts/type1/bluesky/cm/cmbx12.pfb></usr/local/texl
ive/2007/texmf-dist/fonts/type1/bluesky/cm/cmbx9.pfb></usr/local/texlive/2007/t
exmf-dist/fonts/type1/bluesky/cm/cmcsc10.pfb></usr/local/texlive/2007/texmf-dis
t/fonts/type1/bluesky/cm/cmmi10.pfb></usr/local/texlive/2007/texmf-dist/fonts/t
ype1/bluesky/cm/cmmi5.pfb></usr/local/texlive/2007/texmf-dist/fonts/type1/blues
ky/cm/cmmi7.pfb></usr/local/texlive/2007/texmf-dist/fonts/type1/bluesky/cm/cmr1
0.pfb></usr/local/texlive/2007/texmf-dist/fonts/type1/bluesky/cm/cmr12.pfb></us
r/local/texlive/2007/texmf-dist/fonts/type1/bluesky/cm/cmr17.pfb></usr/local/te
xlive/2007/texmf-dist/fonts/type1/bluesky/cm/cmr5.pfb></usr/local/texlive/2007/
texmf-dist/fonts/type1/bluesky/cm/cmr7.pfb></usr/local/texlive/2007/texmf-dist/
fonts/type1/bluesky/cm/cmr8.pfb></usr/local/texlive/2007/texmf-dist/fonts/type1
/bluesky/cm/cmsy10.pfb></usr/local/texlive/2007/texmf-dist/fonts/type1/bluesky/
cm/cmti10.pfb>
Output written on query.pdf (10 pages, 714759 bytes).
PDF statistics:
 557 PDF objects out of 1000 (max. 8388607)
 0 named destinations out of 1000 (max. 131072)
 78 words of extra memory for PDF output out of 10000 (max. 10000000)

